<?xml version="1.0" encoding="utf-8"?><testsuites name="pytest tests"><testsuite name="pytest" errors="0" failures="0" skipped="0" tests="19" time="3.012" timestamp="2026-02-27T12:05:00.986489+00:00" hostname="agent-env-95060a03-f281-4f8b-80c0-670a275d59cc"><testcase classname="backend.tests.test_lesson_progress.TestMongoDBCollections" name="test_teachers_loaded_from_mongodb" time="0.189" /><testcase classname="backend.tests.test_lesson_progress.TestMongoDBCollections" name="test_tasks_loaded_from_mongodb" time="0.116" /><testcase classname="backend.tests.test_lesson_progress.TestMongoDBCollections" name="test_documents_loaded_from_mongodb" time="0.101" /><testcase classname="backend.tests.test_lesson_progress.TestMongoDBCollections" name="test_modules_loaded_from_mongodb" time="0.098" /><testcase classname="backend.tests.test_lesson_progress.TestMongoDBCollections" name="test_lessons_loaded_from_mongodb" time="0.103" /><testcase classname="backend.tests.test_lesson_progress.TestLessonProgress" name="test_mark_lesson_in_progress" time="0.114" /><testcase classname="backend.tests.test_lesson_progress.TestLessonProgress" name="test_lesson_shows_in_progress_status" time="0.111" /><testcase classname="backend.tests.test_lesson_progress.TestLessonProgress" name="test_progress_indicator_in_lessons_list" time="0.208" /><testcase classname="backend.tests.test_lesson_progress.TestLessonProgress" name="test_mark_lesson_completed" time="0.108" /><testcase classname="backend.tests.test_lesson_progress.TestLessonProgress" name="test_completed_lesson_shows_completed_status" time="0.224" /><testcase classname="backend.tests.test_lesson_progress.TestContentVersioning" name="test_completed_lesson_shows_saved_snapshot" time="0.221" /><testcase classname="backend.tests.test_lesson_progress.TestContentVersioning" name="test_is_snapshot_indicator_shown" time="0.107" /><testcase classname="backend.tests.test_lesson_progress.TestContentVersioning" name="test_incomplete_lesson_shows_current_content" time="0.100" /><testcase classname="backend.tests.test_lesson_progress.TestContentVersioning" name="test_no_snapshot_warning_for_incomplete_lessons" time="0.222" /><testcase classname="backend.tests.test_lesson_progress.TestContentVersioning" name="test_different_users_get_different_snapshot_states" time="0.325" /><testcase classname="backend.tests.test_lesson_progress.TestUserStats" name="test_user_stats_include_lesson_progress" time="0.223" /><testcase classname="backend.tests.test_lesson_progress.TestAuthentication" name="test_admin_login" time="0.116" /><testcase classname="backend.tests.test_lesson_progress.TestAuthentication" name="test_teacher_login_from_mongodb" time="0.102" /><testcase classname="backend.tests.test_lesson_progress.TestAuthentication" name="test_invalid_login" time="0.107" /></testsuite></testsuites>