<?xml version="1.0" encoding="utf-8"?><testsuites name="pytest tests"><testsuite name="pytest" errors="0" failures="0" skipped="0" tests="20" time="3.001" timestamp="2026-02-27T11:03:24.201161+00:00" hostname="agent-env-95060a03-f281-4f8b-80c0-670a275d59cc"><testcase classname="backend.tests.test_modules_lessons.TestModulesCRUD" name="test_get_all_modules" time="0.126" /><testcase classname="backend.tests.test_modules_lessons.TestModulesCRUD" name="test_create_module" time="0.097" /><testcase classname="backend.tests.test_modules_lessons.TestModulesCRUD" name="test_update_module" time="0.098" /><testcase classname="backend.tests.test_modules_lessons.TestModulesCRUD" name="test_delete_module" time="0.323" /><testcase classname="backend.tests.test_modules_lessons.TestModulesCRUD" name="test_delete_module_not_found" time="0.107" /><testcase classname="backend.tests.test_modules_lessons.TestLessonsCRUD" name="test_get_module_lessons_empty" time="0.195" /><testcase classname="backend.tests.test_modules_lessons.TestLessonsCRUD" name="test_get_existing_module_lessons" time="0.107" /><testcase classname="backend.tests.test_modules_lessons.TestLessonsCRUD" name="test_create_lesson" time="0.097" /><testcase classname="backend.tests.test_modules_lessons.TestLessonsCRUD" name="test_get_lesson_by_id" time="0.097" /><testcase classname="backend.tests.test_modules_lessons.TestLessonsCRUD" name="test_update_lesson" time="0.103" /><testcase classname="backend.tests.test_modules_lessons.TestLessonsCRUD" name="test_partial_update_lesson" time="0.099" /><testcase classname="backend.tests.test_modules_lessons.TestLessonsCRUD" name="test_delete_lesson" time="0.321" /><testcase classname="backend.tests.test_modules_lessons.TestLessonsCRUD" name="test_create_lesson_nonexistent_module" time="0.103" /><testcase classname="backend.tests.test_modules_lessons.TestLessonsCRUD" name="test_delete_lesson_not_found" time="0.113" /><testcase classname="backend.tests.test_modules_lessons.TestPublicModulesLessons" name="test_get_public_modules" time="0.117" /><testcase classname="backend.tests.test_modules_lessons.TestPublicModulesLessons" name="test_get_public_module_lessons" time="0.109" /><testcase classname="backend.tests.test_modules_lessons.TestPublicModulesLessons" name="test_get_public_lesson_by_id" time="0.104" /><testcase classname="backend.tests.test_modules_lessons.TestPublicModulesLessons" name="test_get_public_lesson_not_found" time="0.112" /><testcase classname="backend.tests.test_modules_lessons.TestPublicModulesLessons" name="test_get_public_module_lessons_not_found" time="0.112" /><testcase classname="backend.tests.test_modules_lessons.TestModuleLessonsCount" name="test_lessons_count_after_create" time="0.403" /></testsuite></testsuites>