<?xml version="1.0" encoding="utf-8"?><testsuites name="pytest tests"><testsuite name="pytest" errors="0" failures="0" skipped="0" tests="10" time="14.973" timestamp="2026-03-02T16:49:27.385780+00:00" hostname="agent-env-95060a03-f281-4f8b-80c0-670a275d59cc"><testcase classname="backend.tests.test_teacher_password.TestTeacherPasswordFeature" name="test_api_health" time="0.494" /><testcase classname="backend.tests.test_teacher_password.TestTeacherPasswordFeature" name="test_admin_login" time="0.324" /><testcase classname="backend.tests.test_teacher_password.TestTeacherPasswordFeature" name="test_create_teacher_with_custom_password" time="0.697" /><testcase classname="backend.tests.test_teacher_password.TestTeacherPasswordFeature" name="test_create_teacher_with_auto_generated_password" time="0.766" /><testcase classname="backend.tests.test_teacher_password.TestTeacherPasswordFeature" name="test_edit_teacher_change_password" time="3.501" /><testcase classname="backend.tests.test_teacher_password.TestTeacherPasswordFeature" name="test_edit_teacher_empty_password_no_change" time="3.068" /><testcase classname="backend.tests.test_teacher_password.TestTeacherPasswordFeature" name="test_new_user_sees_content" time="1.610" /><testcase classname="backend.tests.test_teacher_password.TestTeacherPasswordFeature" name="test_password_not_returned_in_teachers_list" time="1.415" /><testcase classname="backend.tests.test_teacher_password.TestTeacherPasswordFeature" name="test_duplicate_email_rejected" time="1.365" /><testcase classname="backend.tests.test_teacher_password.TestTeacherPasswordFeature" name="test_login_with_wrong_password_fails" time="1.506" /></testsuite></testsuites>