<?xml version="1.0" encoding="utf-8"?><testsuites name="pytest tests"><testsuite name="pytest" errors="0" failures="0" skipped="0" tests="14" time="2.504" timestamp="2026-02-27T11:49:23.454879+00:00" hostname="agent-env-95060a03-f281-4f8b-80c0-670a275d59cc"><testcase classname="backend.tests.test_file_upload.TestFileUploadImages" name="test_upload_image_success" time="0.182" /><testcase classname="backend.tests.test_file_upload.TestFileUploadImages" name="test_upload_image_jpeg" time="0.107" /><testcase classname="backend.tests.test_file_upload.TestFileUploadImages" name="test_upload_invalid_image_type" time="0.118" /><testcase classname="backend.tests.test_file_upload.TestFileUploadDocuments" name="test_upload_document_pdf" time="0.098" /><testcase classname="backend.tests.test_file_upload.TestFileUploadDocuments" name="test_upload_document_docx" time="0.120" /><testcase classname="backend.tests.test_file_upload.TestFileUploadDocuments" name="test_upload_document_xlsx" time="0.106" /><testcase classname="backend.tests.test_file_upload.TestFileUploadDocuments" name="test_upload_document_zip" time="0.120" /><testcase classname="backend.tests.test_file_upload.TestFileUploadDocuments" name="test_upload_invalid_document_type" time="0.141" /><testcase classname="backend.tests.test_file_upload.TestFileSizeValidation" name="test_file_size_under_limit" time="0.168" /><testcase classname="backend.tests.test_file_upload.TestFileSizeValidation" name="test_file_size_over_limit" time="0.671" /><testcase classname="backend.tests.test_file_upload.TestFileRetrieval" name="test_retrieve_uploaded_image" time="0.214" /><testcase classname="backend.tests.test_file_upload.TestFileRetrieval" name="test_retrieve_nonexistent_file" time="0.096" /><testcase classname="backend.tests.test_file_upload.TestFileRetrieval" name="test_directory_traversal_protection" time="0.138" /><testcase classname="backend.tests.test_file_upload.TestUploadResponseStructure" name="test_upload_response_contains_all_fields" time="0.099" /></testsuite></testsuites>